<?xml version="1.0" encoding="UTF-8"?>
<!-- Generated by org.testng.reporters.JUnitReportReporter -->
<testsuite hostname="NBL-PC" failures="0" tests="1" name="pagesTest.HomePageTest" time="0.029" errors="0" timestamp="2023-01-20T20:36:02 EST" skipped="0">
  <testcase classname="pagesTest.HomePageTest" name="f" time="0.029"/>
  <system-out/>
</testsuite> <!-- pagesTest.HomePageTest -->
